Using pre-set license
Built from '2020.2/staging' branch; Version is '2020.2.6f1 (8a2143876886) revision 9052483'; Using compiler version '192528614'; Build Type 'Release'
OS: 'Windows 10 Home; OS build 19041.928; Version 2004; 64bit' Language: 'en' Physical Memory: 16210 MB
BatchMode: 1, IsHumanControllingUs: 0, StartBugReporterOnCrash: 0, Is64bit: 1, IsPro: 0

 COMMAND LINE ARGUMENTS:
C:\Program Files\Unity\Hub\Editor\2020.2.6f1\Editor\Unity.exe
-adb2
-batchMode
-noUpm
-name
AssetImportWorker0
-projectPath
C:/Users/wkamf/2D Platformer
-logFile
Logs/AssetImportWorker0.log
-srvPort
60298
Successfully changed project path to: C:/Users/wkamf/2D Platformer
C:/Users/wkamf/2D Platformer
Using Asset Import Pipeline V2.
Refreshing native plugins compatible for Editor in 55.38 ms, found 1 plugins.
Preloading 0 native plugins for Editor in 0.00 ms.
Initialize engine version: 2020.2.6f1 (8a2143876886)
[Subsystems] Discovering subsystems at path C:/Program Files/Unity/Hub/Editor/2020.2.6f1/Editor/Data/Resources/UnitySubsystems
[Subsystems] Discovering subsystems at path C:/Users/wkamf/2D Platformer/Assets
GfxDevice: creating device client; threaded=0
Direct3D:
    Version:  Direct3D 11.0 [level 11.1]
    Renderer: NVIDIA GeForce RTX 2080 SUPER (ID=0x1e81)
    Vendor:   
    VRAM:     8010 MB
    Driver:   27.21.14.5730
Initialize mono
Mono path[0] = 'C:/Program Files/Unity/Hub/Editor/2020.2.6f1/Editor/Data/Managed'
Mono path[1] = 'C:/Program Files/Unity/Hub/Editor/2020.2.6f1/Editor/Data/MonoBleedingEdge/lib/mono/unityjit'
Mono config path = 'C:/Program Files/Unity/Hub/Editor/2020.2.6f1/Editor/Data/MonoBleedingEdge/etc'
Using monoOptions --debugger-agent=transport=dt_socket,embedding=1,server=y,suspend=n,address=127.0.0.1:56296
Begin MonoManager ReloadAssembly
Registering precompiled unity dll's ...
Register platform support module: C:/Program Files/Unity/Hub/Editor/2020.2.6f1/Editor/Data/PlaybackEngines/WindowsStandaloneSupport/UnityEditor.WindowsStandalone.Extensions.dll
Registered in 0.001497 seconds.
Native extension for WindowsStandalone target not found
Refreshing native plugins compatible for Editor in 46.41 ms, found 1 plugins.
Preloading 0 native plugins for Editor in 0.00 ms.
Invoked RoslynAnalysisRunner static constructor.
RoslynAnalysisRunner will not be running.
RoslynAnalysisRunner has terminated.
Mono: successfully reloaded assembly
- Completed reload, in  0.802 seconds
Platform modules already initialized, skipping
Registering precompiled user dll's ...
Registered in 0.001187 seconds.
Begin MonoManager ReloadAssembly
Native extension for WindowsStandalone target not found
Refreshing native plugins compatible for Editor in 49.18 ms, found 1 plugins.
Preloading 0 native plugins for Editor in 0.00 ms.
Invoked RoslynAnalysisRunner static constructor.
RoslynAnalysisRunner will not be running.
RoslynAnalysisRunner has terminated.
Mono: successfully reloaded assembly
- Completed reload, in  0.788 seconds
Platform modules already initialized, skipping
========================================================================
Worker process is ready to serve import requests
Launched and connected shader compiler UnityShaderCompiler.exe after 0.05 seconds
Refreshing native plugins compatible for Editor in 0.51 ms, found 1 plugins.
Preloading 0 native plugins for Editor in 0.00 ms.
Unloading 1871 Unused Serialized files (Serialized files now loaded: 0)
System memory in use before: 91.2 MB.
System memory in use after: 91.3 MB.

Unloading 20 unused Assets to reduce memory usage. Loaded Objects now: 2328.
Total: 5.859100 ms (FindLiveObjects: 0.459600 ms CreateObjectMapping: 0.280100 ms MarkObjects: 4.944800 ms  DeleteObjects: 0.172100 ms)

========================================================================
Received Import Request.
  path: Assets/Ours/Scenes/L2.unity
  artifactKey: Guid(edc44c8774359ee43b70ffd1abb33439) Importer(815301076,1909f56bfc062723c751e8b465ee728b)
Start importing Assets/Ours/Scenes/L2.unity using Guid(edc44c8774359ee43b70ffd1abb33439) Importer(815301076,1909f56bfc062723c751e8b465ee728b)  -> (artifact id: '66772297001c6ffbe2f079941ee9f8fd') in 0.025303 seconds
  Import took 0.032141 seconds .

========================================================================
Received Import Request.
  Time since last request: 156.882667 seconds.
  path: Assets/Ours/Scenes/L3.unity
  artifactKey: Guid(8f549d7d44405574b926eefbd56b39cf) Importer(815301076,1909f56bfc062723c751e8b465ee728b)
Start importing Assets/Ours/Scenes/L3.unity using Guid(8f549d7d44405574b926eefbd56b39cf) Importer(815301076,1909f56bfc062723c751e8b465ee728b)  -> (artifact id: '1f1a6ec5d94aa90973c38cc42ca49e61') in 0.006202 seconds
  Import took 0.010494 seconds .

========================================================================
Received Prepare
Registering precompiled user dll's ...
Registered in 0.001131 seconds.
Begin MonoManager ReloadAssembly
Native extension for WindowsStandalone target not found
Refreshing native plugins compatible for Editor in 0.53 ms, found 1 plugins.
Preloading 0 native plugins for Editor in 0.00 ms.
Invoked RoslynAnalysisRunner static constructor.
RoslynAnalysisRunner will not be running.
RoslynAnalysisRunner has terminated.
Mono: successfully reloaded assembly
- Completed reload, in  0.691 seconds
Platform modules already initialized, skipping
Refreshing native plugins compatible for Editor in 0.52 ms, found 1 plugins.
Preloading 0 native plugins for Editor in 0.00 ms.
Unloading 1847 Unused Serialized files (Serialized files now loaded: 0)
System memory in use before: 89.7 MB.
System memory in use after: 89.8 MB.

Unloading 9 unused Assets to reduce memory usage. Loaded Objects now: 2330.
Total: 5.521100 ms (FindLiveObjects: 0.492300 ms CreateObjectMapping: 0.258100 ms MarkObjects: 4.717500 ms  DeleteObjects: 0.047100 ms)

========================================================================
Received Import Request.
  Time since last request: 202.350043 seconds.
  path: Assets/Ours/Scenes/L4.unity
  artifactKey: Guid(ac6342552828a7241a53a3c6dc7d5186) Importer(815301076,1909f56bfc062723c751e8b465ee728b)
Start importing Assets/Ours/Scenes/L4.unity using Guid(ac6342552828a7241a53a3c6dc7d5186) Importer(815301076,1909f56bfc062723c751e8b465ee728b)  -> (artifact id: 'd02d9855adf01a142ebf865331c3ad17') in 0.016431 seconds
  Import took 0.020092 seconds .

========================================================================
Received Prepare
Registering precompiled user dll's ...
Registered in 0.001254 seconds.
Begin MonoManager ReloadAssembly
Native extension for WindowsStandalone target not found
Refreshing native plugins compatible for Editor in 0.62 ms, found 1 plugins.
Preloading 0 native plugins for Editor in 0.00 ms.
Invoked RoslynAnalysisRunner static constructor.
RoslynAnalysisRunner will not be running.
RoslynAnalysisRunner has terminated.
Mono: successfully reloaded assembly
- Completed reload, in  0.696 seconds
Platform modules already initialized, skipping
Refreshing native plugins compatible for Editor in 0.52 ms, found 1 plugins.
Preloading 0 native plugins for Editor in 0.00 ms.
Unloading 1847 Unused Serialized files (Serialized files now loaded: 0)
System memory in use before: 89.7 MB.
System memory in use after: 89.8 MB.

Unloading 9 unused Assets to reduce memory usage. Loaded Objects now: 2332.
Total: 1.675400 ms (FindLiveObjects: 0.185300 ms CreateObjectMapping: 0.080500 ms MarkObjects: 1.391700 ms  DeleteObjects: 0.017000 ms)

========================================================================
Received Prepare
Registering precompiled user dll's ...
Registered in 0.001281 seconds.
Begin MonoManager ReloadAssembly
Native extension for WindowsStandalone target not found
Refreshing native plugins compatible for Editor in 0.56 ms, found 1 plugins.
Preloading 0 native plugins for Editor in 0.00 ms.
Invoked RoslynAnalysisRunner static constructor.
RoslynAnalysisRunner will not be running.
RoslynAnalysisRunner has terminated.
Mono: successfully reloaded assembly
- Completed reload, in  0.699 seconds
Platform modules already initialized, skipping
Refreshing native plugins compatible for Editor in 0.54 ms, found 1 plugins.
Preloading 0 native plugins for Editor in 0.00 ms.
Unloading 1847 Unused Serialized files (Serialized files now loaded: 0)
System memory in use before: 89.7 MB.
System memory in use after: 89.9 MB.

Unloading 9 unused Assets to reduce memory usage. Loaded Objects now: 2334.
Total: 1.790600 ms (FindLiveObjects: 0.187900 ms CreateObjectMapping: 0.064400 ms MarkObjects: 1.521900 ms  DeleteObjects: 0.015400 ms)

========================================================================
Received Import Request.
  Time since last request: 242.565896 seconds.
  path: Assets/Ours/Scenes/L3.unity
  artifactKey: Guid(8f549d7d44405574b926eefbd56b39cf) Importer(815301076,1909f56bfc062723c751e8b465ee728b)
Start importing Assets/Ours/Scenes/L3.unity using Guid(8f549d7d44405574b926eefbd56b39cf) Importer(815301076,1909f56bfc062723c751e8b465ee728b)  -> (artifact id: '3ffb6bda88e5b5f5e2539c457db5c5fc') in 0.010191 seconds
  Import took 0.014247 seconds .

========================================================================
Received Prepare
Registering precompiled user dll's ...
Registered in 0.001273 seconds.
Begin MonoManager ReloadAssembly
Native extension for WindowsStandalone target not found
Refreshing native plugins compatible for Editor in 0.52 ms, found 1 plugins.
Preloading 0 native plugins for Editor in 0.00 ms.
Invoked RoslynAnalysisRunner static constructor.
RoslynAnalysisRunner will not be running.
RoslynAnalysisRunner has terminated.
Mono: successfully reloaded assembly
- Completed reload, in  0.676 seconds
Platform modules already initialized, skipping
Refreshing native plugins compatible for Editor in 0.51 ms, found 1 plugins.
Preloading 0 native plugins for Editor in 0.00 ms.
Unloading 1847 Unused Serialized files (Serialized files now loaded: 0)
System memory in use before: 89.8 MB.
System memory in use after: 89.9 MB.

Unloading 9 unused Assets to reduce memory usage. Loaded Objects now: 2336.
Total: 1.862700 ms (FindLiveObjects: 0.203100 ms CreateObjectMapping: 0.115700 ms MarkObjects: 1.525900 ms  DeleteObjects: 0.016900 ms)

========================================================================
Received Import Request.
  Time since last request: 33.648876 seconds.
  path: Assets/Ours/Scenes/L2.unity
  artifactKey: Guid(edc44c8774359ee43b70ffd1abb33439) Importer(815301076,1909f56bfc062723c751e8b465ee728b)
Start importing Assets/Ours/Scenes/L2.unity using Guid(edc44c8774359ee43b70ffd1abb33439) Importer(815301076,1909f56bfc062723c751e8b465ee728b)  -> (artifact id: '0ed84d0c3a32d0909f421cec39e6480a') in 0.011672 seconds
  Import took 0.015744 seconds .

========================================================================
Received Import Request.
  Time since last request: 29.115094 seconds.
  path: Assets/Ours/Scenes/Demo.unity
  artifactKey: Guid(c141d24673958bb44b780d361745cca7) Importer(815301076,1909f56bfc062723c751e8b465ee728b)
Start importing Assets/Ours/Scenes/Demo.unity using Guid(c141d24673958bb44b780d361745cca7) Importer(815301076,1909f56bfc062723c751e8b465ee728b)  -> (artifact id: '7d3596ab33de8a102ea056e2f084b770') in 0.007772 seconds
  Import took 0.011634 seconds .

AssetImportWorkerClient::OnTransportError - code=2 error=End of file
